d:\בינה מלאכותית 10207\מטלות\פרויקט סיום\ai_finalproject\graphics\debug\vc143.pdb
d:\בינה מלאכותית 10207\מטלות\פרויקט סיום\ai_finalproject\graphics\debug\vc143.idb
d:\בינה מלאכותית 10207\מטלות\פרויקט סיום\ai_finalproject\graphics\debug\warrior.obj
d:\בינה מלאכותית 10207\מטלות\פרויקט סיום\ai_finalproject\graphics\debug\stayathome.obj
d:\בינה מלאכותית 10207\מטלות\פרויקט סיום\ai_finalproject\graphics\debug\state.obj
d:\בינה מלאכותית 10207\מטלות\פרויקט סיום\ai_finalproject\graphics\debug\npc.obj
d:\בינה מלאכותית 10207\מטלות\פרויקט סיום\ai_finalproject\graphics\debug\map.obj
d:\בינה מלאכותית 10207\מטלות\פרויקט סיום\ai_finalproject\graphics\debug\main.obj
d:\בינה מלאכותית 10207\מטלות\פרויקט סיום\ai_finalproject\graphics\debug\gotowarehouse.obj
d:\בינה מלאכותית 10207\מטלות\פרויקט סיום\ai_finalproject\graphics\debug\gotoforest.obj
d:\בינה מלאכותית 10207\מטלות\פרויקט סיום\ai_finalproject\graphics\debug\gohome.obj
d:\בינה מלאכותית 10207\מטלות\פרויקט סיום\ai_finalproject\graphics\debug\dropping.obj
d:\בינה מלאכותית 10207\מטלות\פרויקט סיום\ai_finalproject\graphics\debug\commander.obj
d:\בינה מלאכותית 10207\מטלות\פרויקט סיום\ai_finalproject\graphics\debug\chopping.obj
d:\בינה מלאכותית 10207\מטלות\פרויקט סיום\ai_finalproject\graphics\debug\cell.obj
d:\בינה מלאכותית 10207\מטלות\פרויקט סיום\ai_finalproject\debug\graphics.pdb
d:\בינה מלאכותית 10207\מטלות\פרויקט סיום\ai_finalproject\graphics\debug\graphics.tlog\cl.command.1.tlog
d:\בינה מלאכותית 10207\מטלות\פרויקט סיום\ai_finalproject\graphics\debug\graphics.tlog\cl.read.1.tlog
d:\בינה מלאכותית 10207\מטלות\פרויקט סיום\ai_finalproject\graphics\debug\graphics.tlog\cl.write.1.tlog
d:\בינה מלאכותית 10207\מטלות\פרויקט סיום\ai_finalproject\graphics\debug\graphics.tlog\link-cvtres.read.1.tlog
d:\בינה מלאכותית 10207\מטלות\פרויקט סיום\ai_finalproject\graphics\debug\graphics.tlog\link-cvtres.write.1.tlog
d:\בינה מלאכותית 10207\מטלות\פרויקט סיום\ai_finalproject\graphics\debug\graphics.tlog\link-rc.read.1.tlog
d:\בינה מלאכותית 10207\מטלות\פרויקט סיום\ai_finalproject\graphics\debug\graphics.tlog\link-rc.write.1.tlog
d:\בינה מלאכותית 10207\מטלות\פרויקט סיום\ai_finalproject\graphics\debug\graphics.tlog\link.command.1.tlog
d:\בינה מלאכותית 10207\מטלות\פרויקט סיום\ai_finalproject\graphics\debug\graphics.tlog\link.read.1.tlog
d:\בינה מלאכותית 10207\מטלות\פרויקט סיום\ai_finalproject\graphics\debug\graphics.tlog\link.write.1.tlog
